<?xml version="1.0" encoding="UTF-8"?>
<!-- Generated by org.testng.reporters.JUnitReportReporter -->
<testsuite hostname="Lenovo-PC" name="Testcaseswithoutddapproach.TC_001_ValidateLoginPage" tests="2" failures="0" timestamp="28 Oct 2018 01:55:06 GMT" time="20.967" errors="0">
  <testcase name="TC_001_Validatelogin" time="11.720" classname="Testcaseswithoutddapproach.TC_001_ValidateLoginPage"/>
  <testcase name="TC_001_Validatelogin" time="9.247" classname="Testcaseswithoutddapproach.TC_001_ValidateLoginPage"/>
</testsuite> <!-- Testcaseswithoutddapproach.TC_001_ValidateLoginPage -->
