<?xml version="1.0" encoding="UTF-8"?>
<!-- Generated by org.testng.reporters.JUnitReportReporter -->
<testsuite hostname="Lenovo-PC" name="updatedtestcaseswithhddApproach.testcasesWithDDApproch" tests="2" failures="0" timestamp="28 Oct 2018 02:36:48 GMT" time="20.507" errors="0">
  <testcase name="TC_001_Validatelogin" time="11.509" classname="updatedtestcaseswithhddApproach.testcasesWithDDApproch"/>
  <testcase name="TC_001_Validatelogin" time="8.998" classname="updatedtestcaseswithhddApproach.testcasesWithDDApproch"/>
</testsuite> <!-- updatedtestcaseswithhddApproach.testcasesWithDDApproch -->
